Running: fuse.exe -relaunch -intstyle "ise" -incremental -lib "unisims_ver" -lib "unimacro_ver" -lib "xilinxcorelib_ver" -o "C:/Users/nimer/Documents/Verilog Projects/Animation/top_test_isim_beh.exe" -prj "C:/Users/nimer/Documents/Verilog Projects/Animation/top_test_beh.prj" "work.top_test" "work.glbl" 
ISim P.20131013 (signature 0x8ef4fb42)
Number of CPUs detected in this system: 1
Turning on mult-threading, number of parallel sub-compilation jobs: 0 
Determining compilation order of HDL files
Analyzing Verilog file "C:/Users/nimer/Documents/Verilog Projects/Animation/reg_file.v" into library work
Analyzing Verilog file "C:/Users/nimer/Documents/Verilog Projects/Animation/FSM.v" into library work
Analyzing Verilog file "C:/Users/nimer/Documents/Verilog Projects/Animation/counter.v" into library work
Analyzing Verilog file "C:/Users/nimer/Documents/Verilog Projects/Animation/ALU.v" into library work
Analyzing Verilog file "C:/Users/nimer/Documents/Verilog Projects/Animation/gppm_top.v" into library work
Analyzing Verilog file "C:/Users/nimer/Documents/Verilog Projects/Animation/top_test.v" into library work
Analyzing Verilog file "C:/Xilinx/14.7/ISE_DS/ISE//verilog/src/glbl.v" into library work
Starting static elaboration
Completed static elaboration
Fuse Memory Usage: 102508 KB
Fuse CPU Usage: 218 ms
Compiling module reg_file
Compiling module ALU
Compiling module counter
Compiling module FSM
Compiling module gppm_top
Compiling module top_test
Compiling module glbl
Time Resolution for simulation is 1ps.
Compiled 7 Verilog Units
Built simulation executable C:/Users/nimer/Documents/Verilog Projects/Animation/top_test_isim_beh.exe
Fuse Memory Usage: 106072 KB
Fuse CPU Usage: 249 ms
