--------------------------------------------------------------------------------
Release 14.7 Trace  (nt)
Copyright (c) 1995-2013 Xilinx, Inc.  All rights reserved.

C:\Xilinx\14.7\ISE_DS\ISE\bin\nt\unwrapped\trce.exe -intstyle ise -v 3 -s 5 -n
3 -fastpaths -xml gppm_top.twx gppm_top.ncd -o gppm_top.twr gppm_top.pcf -ucf
gppm_top.ucf

Design file:              gppm_top.ncd
Physical constraint file: gppm_top.pcf
Device,package,speed:     xc3s500e,ft256,-5 (PRODUCTION 1.27 2013-10-13)
Report level:             verbose report

Environment Variable      Effect 
--------------------      ------ 
NONE                      No environment variables were set
--------------------------------------------------------------------------------

INFO:Timing:2698 - No timing constraints found, doing default enumeration.
INFO:Timing:3412 - To improve timing, see the Timing Closure User Guide (UG612).
INFO:Timing:2752 - To get complete path coverage, use the unconstrained paths 
   option. All paths that are not constrained will be reported in the 
   unconstrained paths section(s) of the report.
INFO:Timing:3339 - The clock-to-out numbers in this timing report are based on 
   a 50 Ohm transmission line loading model.  For the details of this model, 
   and for more information on accounting for different loading conditions, 
   please see the device datasheet.
INFO:Timing:3390 - This architecture does not support a default System Jitter 
   value, please add SYSTEM_JITTER constraint to the UCF to modify the Clock 
   Uncertainty calculation.
INFO:Timing:3389 - This architecture does not support 'Discrete Jitter' and 
   'Phase Error' calculations, these terms will be zero in the Clock 
   Uncertainty calculation.  Please make appropriate modification to 
   SYSTEM_JITTER to account for the unsupported Discrete Jitter and Phase 
   Error.



Data Sheet report:
-----------------
All values displayed in nanoseconds (ns)

Setup/Hold to clock clk
------------+------------+------------+------------------+--------+
            |Max Setup to|Max Hold to |                  | Clock  |
Source      | clk (edge) | clk (edge) |Internal Clock(s) | Phase  |
------------+------------+------------+------------------+--------+
sw<0>       |    2.286(R)|   -0.387(R)|clk_BUFGP         |   0.000|
sw<1>       |    1.573(R)|    0.301(R)|clk_BUFGP         |   0.000|
sw<2>       |    2.943(R)|   -0.434(R)|clk_BUFGP         |   0.000|
sw<3>       |    2.658(R)|   -0.425(R)|clk_BUFGP         |   0.000|
sw<4>       |    2.361(R)|    0.137(R)|clk_BUFGP         |   0.000|
sw<5>       |    2.580(R)|   -0.251(R)|clk_BUFGP         |   0.000|
sw<6>       |    3.590(R)|   -1.290(R)|clk_BUFGP         |   0.000|
sw<7>       |    3.417(R)|   -0.935(R)|clk_BUFGP         |   0.000|
------------+------------+------------+------------------+--------+

Clock to Setup on destination clock clk
---------------+---------+---------+---------+---------+
               | Src:Rise| Src:Fall| Src:Rise| Src:Fall|
Source Clock   |Dest:Rise|Dest:Rise|Dest:Fall|Dest:Fall|
---------------+---------+---------+---------+---------+
clk            |   13.078|         |         |         |
---------------+---------+---------+---------+---------+


Analysis completed Sun Jun 12 18:31:16 2016 
--------------------------------------------------------------------------------

Trace Settings:
-------------------------
Trace Settings 

Peak Memory Usage: 123 MB



